Using pre-set license
Built from '2021.3/staging' branch; Version is '2021.3.10f1 (1c7d0df0160b) revision 1867021'; Using compiler version '192829333'; Build Type 'Release'
OS: 'Windows 10  (10.0.19042) 64bit CoreSingleLanguage' Language: 'en' Physical Memory: 8042 MB
BatchMode: 1, IsHumanControllingUs: 0, StartBugReporterOnCrash: 0, Is64bit: 1, IsPro: 1

COMMAND LINE ARGUMENTS:
E:\Unity Hub\Hub\Editor\2021.3.10f1\Editor\Unity.exe
-adb2
-batchMode
-noUpm
-name
AssetImportWorker0
-projectPath
E:/Unity Hub/Hub/Projects/3D Car Racing Game
-logFile
Logs/AssetImportWorker0.log
-srvPort
56755
Successfully changed project path to: E:/Unity Hub/Hub/Projects/3D Car Racing Game
E:/Unity Hub/Hub/Projects/3D Car Racing Game
[UnityMemory] Configuration Parameters - Can be set up in boot.config
    "memorysetup-bucket-allocator-granularity=16"
    "memorysetup-bucket-allocator-bucket-count=8"
    "memorysetup-bucket-allocator-block-size=33554432"
    "memorysetup-bucket-allocator-block-count=8"
    "memorysetup-main-allocator-block-size=16777216"
    "memorysetup-thread-allocator-block-size=16777216"
    "memorysetup-gfx-main-allocator-block-size=16777216"
    "memorysetup-gfx-thread-allocator-block-size=16777216"
    "memorysetup-cache-allocator-block-size=4194304"
    "memorysetup-typetree-allocator-block-size=2097152"
    "memorysetup-profiler-bucket-allocator-granularity=16"
    "memorysetup-profiler-bucket-allocator-bucket-count=8"
    "memorysetup-profiler-bucket-allocator-block-size=33554432"
    "memorysetup-profiler-bucket-allocator-block-count=8"
    "memorysetup-profiler-allocator-block-size=16777216"
    "memorysetup-profiler-editor-allocator-block-size=1048576"
    "memorysetup-temp-allocator-size-main=16777216"
    "memorysetup-job-temp-allocator-block-size=2097152"
    "memorysetup-job-temp-allocator-block-size-background=1048576"
    "memorysetup-job-temp-allocator-reduction-small-platforms=262144"
    "memorysetup-temp-allocator-size-background-worker=32768"
    "memorysetup-temp-allocator-size-job-worker=262144"
    "memorysetup-temp-allocator-size-preload-manager=33554432"
    "memorysetup-temp-allocator-size-nav-mesh-worker=65536"
    "memorysetup-temp-allocator-size-audio-worker=65536"
    "memorysetup-temp-allocator-size-cloud-worker=32768"
    "memorysetup-temp-allocator-size-gi-baking-worker=262144"
    "memorysetup-temp-allocator-size-gfx=262144"
Refreshing native plugins compatible for Editor in 312.89 ms, found 3 plugins.
Preloading 0 native plugins for Editor in 0.00 ms.
Initialize engine version: 2021.3.10f1 (1c7d0df0160b)
[Subsystems] Discovering subsystems at path E:/Unity Hub/Hub/Editor/2021.3.10f1/Editor/Data/Resources/UnitySubsystems
[Subsystems] Discovering subsystems at path E:/Unity Hub/Hub/Projects/3D Car Racing Game/Assets
GfxDevice: creating device client; threaded=0; jobified=0
Direct3D:
    Version:  Direct3D 11.0 [level 11.1]
    Renderer: NVIDIA GeForce MX150 (ID=0x1d10)
    Vendor:   NVIDIA
    VRAM:     1983 MB
    Driver:   24.21.13.9872
Initialize mono
Mono path[0] = 'E:/Unity Hub/Hub/Editor/2021.3.10f1/Editor/Data/Managed'
Mono path[1] = 'E:/Unity Hub/Hub/Editor/2021.3.10f1/Editor/Data/MonoBleedingEdge/lib/mono/unityjit-win32'
Mono config path = 'E:/Unity Hub/Hub/Editor/2021.3.10f1/Editor/Data/MonoBleedingEdge/etc'
Using monoOptions --debugger-agent=transport=dt_socket,embedding=1,server=y,suspend=n,address=127.0.0.1:56368
Begin MonoManager ReloadAssembly
Registering precompiled unity dll's ...
Register platform support module: E:/Unity Hub/Hub/Editor/2021.3.10f1/Editor/Data/PlaybackEngines/WebGLSupport/UnityEditor.WebGL.Extensions.dll
Register platform support module: E:/Unity Hub/Hub/Editor/2021.3.10f1/Editor/Data/PlaybackEngines/AndroidPlayer/UnityEditor.Android.Extensions.dll
Register platform support module: E:/Unity Hub/Hub/Editor/2021.3.10f1/Editor/Data/PlaybackEngines/WindowsStandaloneSupport/UnityEditor.WindowsStandalone.Extensions.dll
Registered in 0.014320 seconds.
Native extension for WindowsStandalone target not found
Native extension for Android target not found
Native extension for WebGL target not found
Refreshing native plugins compatible for Editor in 286.69 ms, found 3 plugins.
Preloading 0 native plugins for Editor in 0.00 ms.
Mono: successfully reloaded assembly
- Completed reload, in  2.315 seconds
Domain Reload Profiling:
	ReloadAssembly (2317ms)
		BeginReloadAssembly (272ms)
			ExecutionOrderSort (0ms)
			DisableScriptedObjects (0ms)
			BackupInstance (0ms)
			ReleaseScriptingObjects (0ms)
			CreateAndSetChildDomain (2ms)
		EndReloadAssembly (1667ms)
			LoadAssemblies (272ms)
			RebuildTransferFunctionScriptingTraits (0ms)
			SetupTypeCache (417ms)
			ReleaseScriptCaches (0ms)
			RebuildScriptCaches (126ms)
			SetupLoadedEditorAssemblies (958ms)
				LogAssemblyErrors (0ms)
				InitializePlatformSupportModulesInManaged (174ms)
				SetLoadedEditorAssemblies (1ms)
				RefreshPlugins (287ms)
				BeforeProcessingInitializeOnLoad (4ms)
				ProcessInitializeOnLoadAttributes (337ms)
				ProcessInitializeOnLoadMethodAttributes (155ms)
				AfterProcessingInitializeOnLoad (0ms)
				EditorAssembliesLoaded (0ms)
			ExecutionOrderSort2 (0ms)
			AwakeInstancesAfterBackupRestoration (0ms)
Platform modules already initialized, skipping
Registering precompiled user dll's ...
Registered in 0.012689 seconds.
Begin MonoManager ReloadAssembly
Symbol file LoadedFromMemory doesn't match image E:\Unity Hub\Hub\Projects\3D Car Racing Game\Library\PackageCache\com.unity.visualscripting@1.7.8\Editor\VisualScripting.Core\Dependencies\YamlDotNet\Unity.VisualScripting.YamlDotNet.dll
Symbol file LoadedFromMemory doesn't match image E:\Unity Hub\Hub\Projects\3D Car Racing Game\Library\PackageCache\com.unity.visualscripting@1.7.8\Editor\VisualScripting.Core\Dependencies\DotNetZip\Unity.VisualScripting.IonicZip.dll
Native extension for WindowsStandalone target not found
Native extension for Android target not found
Native extension for WebGL target not found
Refreshing native plugins compatible for Editor in 2.77 ms, found 3 plugins.
Preloading 0 native plugins for Editor in 0.00 ms.
Mono: successfully reloaded assembly
Package Manager log level set to [2]
- Completed reload, in  3.558 seconds
Domain Reload Profiling:
	ReloadAssembly (3561ms)
		BeginReloadAssembly (524ms)
			ExecutionOrderSort (0ms)
			DisableScriptedObjects (34ms)
			BackupInstance (0ms)
			ReleaseScriptingObjects (0ms)
			CreateAndSetChildDomain (160ms)
		EndReloadAssembly (2654ms)
			LoadAssemblies (253ms)
			RebuildTransferFunctionScriptingTraits (0ms)
			SetupTypeCache (910ms)
			ReleaseScriptCaches (2ms)
			RebuildScriptCaches (182ms)
			SetupLoadedEditorAssemblies (1143ms)
				LogAssemblyErrors (0ms)
				InitializePlatformSupportModulesInManaged (54ms)
				SetLoadedEditorAssemblies (2ms)
				RefreshPlugins (3ms)
				BeforeProcessingInitializeOnLoad (266ms)
				ProcessInitializeOnLoadAttributes (718ms)
				ProcessInitializeOnLoadMethodAttributes (87ms)
				AfterProcessingInitializeOnLoad (12ms)
				EditorAssembliesLoaded (1ms)
			ExecutionOrderSort2 (0ms)
			AwakeInstancesAfterBackupRestoration (34ms)
Platform modules already initialized, skipping
========================================================================
Worker process is ready to serve import requests
Launched and connected shader compiler UnityShaderCompiler.exe after 0.18 seconds
Refreshing native plugins compatible for Editor in 2.16 ms, found 3 plugins.
Preloading 0 native plugins for Editor in 0.00 ms.
Unloading 3503 Unused Serialized files (Serialized files now loaded: 0)
Unloading 41 unused Assets / (87.8 KB). Loaded Objects now: 3948.
Memory consumption went from 119.0 MB to 118.9 MB.
Total: 10.215100 ms (FindLiveObjects: 0.708600 ms CreateObjectMapping: 0.624500 ms MarkObjects: 8.627600 ms  DeleteObjects: 0.252000 ms)

AssetImportParameters requested are different than current active one (requested -> active):
  custom:video-decoder-ogg-theora: a1e56fd34408186e4bbccfd4996cb3dc -> 
  custom:container-muxer-webm: aa71ff27fc2769a1b78a27578f13a17b -> 
  custom:container-demuxer-webm: 4f35f7cbe854078d1ac9338744f61a02 -> 
  custom:video-encoder-webm-vp8: eb34c28f22e8b96e1ab97ce403110664 -> 
  custom:audio-encoder-webm-vorbis: bf7c407c2cedff20999df2af8eb42d56 -> 
  custom:framework-win-MediaFoundation: 216162199b28c13a410421893ffa2e32 -> 
  custom:container-demuxer-ogg: 62fdf1f143b41e24485cea50d1cbac27 -> 
  custom:video-decoder-webm-vp8: 9c59270c3fd7afecdb556c50c9e8de78 -> 
  custom:audio-decoder-ogg-vorbis: bf7c407c2cedff20999df2af8eb42d56 -> 
========================================================================
Received Import Request.
  Time since last request: 1644077.833860 seconds.
  path: Assets/Sprites/steering-wheel.png
  artifactKey: Guid(c343128b4492cce4a95a034587c5cdd2) Importer(815301076,1909f56bfc062723c751e8b465ee728b)
Start importing Assets/Sprites/steering-wheel.png using Guid(c343128b4492cce4a95a034587c5cdd2) Importer(815301076,1909f56bfc062723c751e8b465ee728b)  -> (artifact id: 'c53474706612a7f1836b4b8cf1a148dc') in 0.272759 seconds 
========================================================================
Received Import Request.
  Time since last request: 0.000053 seconds.
  path: Assets/Sprites
  artifactKey: Guid(f4c5454acb38f4a44a9610f65e6f1d87) Importer(815301076,1909f56bfc062723c751e8b465ee728b)
Start importing Assets/Sprites using Guid(f4c5454acb38f4a44a9610f65e6f1d87) Importer(815301076,1909f56bfc062723c751e8b465ee728b)  -> (artifact id: 'b40d0d301b1351118ffe54e1d67e1307') in 0.012448 seconds 
========================================================================
Received Import Request.
  Time since last request: 0.000080 seconds.
  path: Assets/Sprites/Acceleration.png
  artifactKey: Guid(42e63b999a8267e44866df7cd23d1d20) Importer(815301076,1909f56bfc062723c751e8b465ee728b)
Start importing Assets/Sprites/Acceleration.png using Guid(42e63b999a8267e44866df7cd23d1d20) Importer(815301076,1909f56bfc062723c751e8b465ee728b)  -> (artifact id: '5721209d8c274fe6ca013b982fd60192') in 0.033813 seconds 
========================================================================
Received Import Request.
  Time since last request: 0.000042 seconds.
  path: Assets/Sprites/previous.png
  artifactKey: Guid(6026941cba313164fa7521aaef3d3d52) Importer(815301076,1909f56bfc062723c751e8b465ee728b)
Start importing Assets/Sprites/previous.png using Guid(6026941cba313164fa7521aaef3d3d52) Importer(815301076,1909f56bfc062723c751e8b465ee728b)  -> (artifact id: 'bee995201d900897b7afc8c66bba2e5f') in 0.029594 seconds 
========================================================================
Received Import Request.
  Time since last request: 0.000045 seconds.
  path: Assets/Sprites/EndGame.jpg
  artifactKey: Guid(43f21088d7707474eb8718e817bb0377) Importer(815301076,1909f56bfc062723c751e8b465ee728b)
Start importing Assets/Sprites/EndGame.jpg using Guid(43f21088d7707474eb8718e817bb0377) Importer(815301076,1909f56bfc062723c751e8b465ee728b)  -> (artifact id: 'fe056258677fe257bed5eaea8a1f3e24') in 0.041141 seconds 
========================================================================
Received Import Request.
  Time since last request: 0.000046 seconds.
  path: Assets/Sprites/breaks.png
  artifactKey: Guid(79e17ff5b4f09c24c81a65e6ef4c13a0) Importer(815301076,1909f56bfc062723c751e8b465ee728b)
Start importing Assets/Sprites/breaks.png using Guid(79e17ff5b4f09c24c81a65e6ef4c13a0) Importer(815301076,1909f56bfc062723c751e8b465ee728b)  -> (artifact id: '0e68bdc59475380d8b8a1b9365944e16') in 0.032320 seconds 
========================================================================
Received Import Request.
  Time since last request: 46.088853 seconds.
  path: Assets/Sprites/Acceleration.png
  artifactKey: Guid(42e63b999a8267e44866df7cd23d1d20) Importer(815301076,1909f56bfc062723c751e8b465ee728b)
Start importing Assets/Sprites/Acceleration.png using Guid(42e63b999a8267e44866df7cd23d1d20) Importer(815301076,1909f56bfc062723c751e8b465ee728b)  -> (artifact id: '0a5dd171479143d98a1d06338f2028a6') in 0.025260 seconds 
========================================================================
Received Import Request.
  Time since last request: 0.039259 seconds.
  path: Assets/Sprites/breaks.png
  artifactKey: Guid(79e17ff5b4f09c24c81a65e6ef4c13a0) Importer(815301076,1909f56bfc062723c751e8b465ee728b)
Start importing Assets/Sprites/breaks.png using Guid(79e17ff5b4f09c24c81a65e6ef4c13a0) Importer(815301076,1909f56bfc062723c751e8b465ee728b)  -> (artifact id: '077cf790c224b8fadfeea33faba64bf7') in 0.043232 seconds 
========================================================================
Received Import Request.
  Time since last request: 0.000060 seconds.
  path: Assets/Sprites/Reverse.png
  artifactKey: Guid(75b797240a29a324cb57844ff21a5892) Importer(815301076,1909f56bfc062723c751e8b465ee728b)
Start importing Assets/Sprites/Reverse.png using Guid(75b797240a29a324cb57844ff21a5892) Importer(815301076,1909f56bfc062723c751e8b465ee728b)  -> (artifact id: 'b227a54e18be52968ce5f40a694bbf53') in 0.027991 seconds 
========================================================================
Received Import Request.
  Time since last request: 0.000103 seconds.
  path: Assets/Sprites/steering-wheel.png
  artifactKey: Guid(c343128b4492cce4a95a034587c5cdd2) Importer(815301076,1909f56bfc062723c751e8b465ee728b)
Start importing Assets/Sprites/steering-wheel.png using Guid(c343128b4492cce4a95a034587c5cdd2) Importer(815301076,1909f56bfc062723c751e8b465ee728b)  -> (artifact id: '706182207bc29d0bb56214c6e401258d') in 0.036656 seconds 
========================================================================
Received Import Request.
  Time since last request: 0.000139 seconds.
  path: Assets/Sprites/play.png
  artifactKey: Guid(8745631bd88e5d046a8a6461bffb7f85) Importer(815301076,1909f56bfc062723c751e8b465ee728b)
Start importing Assets/Sprites/play.png using Guid(8745631bd88e5d046a8a6461bffb7f85) Importer(815301076,1909f56bfc062723c751e8b465ee728b)  -> (artifact id: '2cbe15ad2278f8f7d80409d2d9b696f8') in 0.043562 seconds 
========================================================================
Received Import Request.
  Time since last request: 0.000122 seconds.
  path: Assets/Sprites/MenuUIImage.jpg
  artifactKey: Guid(a946b7242527fe34891652b7357f9082) Importer(815301076,1909f56bfc062723c751e8b465ee728b)
Start importing Assets/Sprites/MenuUIImage.jpg using Guid(a946b7242527fe34891652b7357f9082) Importer(815301076,1909f56bfc062723c751e8b465ee728b)  -> (artifact id: '5ef8406df2b042154c29aa128356ca08') in 0.144916 seconds 
========================================================================
Received Import Request.
  Time since last request: 18.018403 seconds.
  path: Assets/Sprites/Acceleration.png
  artifactKey: Guid(42e63b999a8267e44866df7cd23d1d20) Importer(815301076,1909f56bfc062723c751e8b465ee728b)
Start importing Assets/Sprites/Acceleration.png using Guid(42e63b999a8267e44866df7cd23d1d20) Importer(815301076,1909f56bfc062723c751e8b465ee728b)  -> (artifact id: 'c3583f651e40ea6fb19ea7541323155d') in 0.014981 seconds 
========================================================================
Received Import Request.
  Time since last request: 0.052098 seconds.
  path: Assets/Sprites/breaks.png
  artifactKey: Guid(79e17ff5b4f09c24c81a65e6ef4c13a0) Importer(815301076,1909f56bfc062723c751e8b465ee728b)
Start importing Assets/Sprites/breaks.png using Guid(79e17ff5b4f09c24c81a65e6ef4c13a0) Importer(815301076,1909f56bfc062723c751e8b465ee728b)  -> (artifact id: '4f0fe16aedad767c3e1de495387921b6') in 0.033327 seconds 
========================================================================
Received Import Request.
  Time since last request: 0.000068 seconds.
  path: Assets/Sprites/Reverse.png
  artifactKey: Guid(75b797240a29a324cb57844ff21a5892) Importer(815301076,1909f56bfc062723c751e8b465ee728b)
Start importing Assets/Sprites/Reverse.png using Guid(75b797240a29a324cb57844ff21a5892) Importer(815301076,1909f56bfc062723c751e8b465ee728b)  -> (artifact id: '9bc2a868e6a2215b027986a455a8d058') in 0.024486 seconds 
========================================================================
Received Import Request.
  Time since last request: 0.000054 seconds.
  path: Assets/Sprites/pause-button.png
  artifactKey: Guid(69cd80b316ee8a54f94dc5b0435cd787) Importer(815301076,1909f56bfc062723c751e8b465ee728b)
Start importing Assets/Sprites/pause-button.png using Guid(69cd80b316ee8a54f94dc5b0435cd787) Importer(815301076,1909f56bfc062723c751e8b465ee728b)  -> (artifact id: '435b5159f327ec668f40b359e6541771') in 0.020387 seconds 
========================================================================
Received Import Request.
  Time since last request: 0.000114 seconds.
  path: Assets/Sprites/previous.png
  artifactKey: Guid(6026941cba313164fa7521aaef3d3d52) Importer(815301076,1909f56bfc062723c751e8b465ee728b)
Start importing Assets/Sprites/previous.png using Guid(6026941cba313164fa7521aaef3d3d52) Importer(815301076,1909f56bfc062723c751e8b465ee728b)  -> (artifact id: '9312d375901a43ccbfbddb554d42a4f7') in 0.017921 seconds 
========================================================================
Received Import Request.
  Time since last request: 0.000052 seconds.
  path: Assets/Sprites/next.png
  artifactKey: Guid(8ecf36ed8a6796849b788c7e86f9db33) Importer(815301076,1909f56bfc062723c751e8b465ee728b)
Start importing Assets/Sprites/next.png using Guid(8ecf36ed8a6796849b788c7e86f9db33) Importer(815301076,1909f56bfc062723c751e8b465ee728b)  -> (artifact id: 'a7b7f1f79035e8bdd635916e287ab0e8') in 0.021683 seconds 
