Using pre-set license
Built from '2021.3/staging' branch; Version is '2021.3.10f1 (1c7d0df0160b) revision 1867021'; Using compiler version '192829333'; Build Type 'Release'
OS: 'Windows 10  (10.0.19042) 64bit CoreSingleLanguage' Language: 'en' Physical Memory: 8042 MB
BatchMode: 1, IsHumanControllingUs: 0, StartBugReporterOnCrash: 0, Is64bit: 1, IsPro: 1

COMMAND LINE ARGUMENTS:
E:\Unity Hub\Hub\Editor\2021.3.10f1\Editor\Unity.exe
-adb2
-batchMode
-noUpm
-name
AssetImportWorker26
-projectPath
E:/Unity Hub/Hub/Projects/3D Car Racing Game
-logFile
Logs/AssetImportWorker26.log
-srvPort
55999
Successfully changed project path to: E:/Unity Hub/Hub/Projects/3D Car Racing Game
E:/Unity Hub/Hub/Projects/3D Car Racing Game
[UnityMemory] Configuration Parameters - Can be set up in boot.config
    "memorysetup-bucket-allocator-granularity=16"
    "memorysetup-bucket-allocator-bucket-count=8"
    "memorysetup-bucket-allocator-block-size=33554432"
    "memorysetup-bucket-allocator-block-count=8"
    "memorysetup-main-allocator-block-size=16777216"
    "memorysetup-thread-allocator-block-size=16777216"
    "memorysetup-gfx-main-allocator-block-size=16777216"
    "memorysetup-gfx-thread-allocator-block-size=16777216"
    "memorysetup-cache-allocator-block-size=4194304"
    "memorysetup-typetree-allocator-block-size=2097152"
    "memorysetup-profiler-bucket-allocator-granularity=16"
    "memorysetup-profiler-bucket-allocator-bucket-count=8"
    "memorysetup-profiler-bucket-allocator-block-size=33554432"
    "memorysetup-profiler-bucket-allocator-block-count=8"
    "memorysetup-profiler-allocator-block-size=16777216"
    "memorysetup-profiler-editor-allocator-block-size=1048576"
    "memorysetup-temp-allocator-size-main=16777216"
    "memorysetup-job-temp-allocator-block-size=2097152"
    "memorysetup-job-temp-allocator-block-size-background=1048576"
    "memorysetup-job-temp-allocator-reduction-small-platforms=262144"
    "memorysetup-temp-allocator-size-background-worker=32768"
    "memorysetup-temp-allocator-size-job-worker=262144"
    "memorysetup-temp-allocator-size-preload-manager=33554432"
    "memorysetup-temp-allocator-size-nav-mesh-worker=65536"
    "memorysetup-temp-allocator-size-audio-worker=65536"
    "memorysetup-temp-allocator-size-cloud-worker=32768"
    "memorysetup-temp-allocator-size-gi-baking-worker=262144"
    "memorysetup-temp-allocator-size-gfx=262144"
Refreshing native plugins compatible for Editor in 251.31 ms, found 3 plugins.
Preloading 0 native plugins for Editor in 0.00 ms.
Initialize engine version: 2021.3.10f1 (1c7d0df0160b)
[Subsystems] Discovering subsystems at path E:/Unity Hub/Hub/Editor/2021.3.10f1/Editor/Data/Resources/UnitySubsystems
[Subsystems] Discovering subsystems at path E:/Unity Hub/Hub/Projects/3D Car Racing Game/Assets
GfxDevice: creating device client; threaded=0; jobified=0
Direct3D:
    Version:  Direct3D 11.0 [level 11.1]
    Renderer: Intel(R) UHD Graphics 620 (ID=0x3ea0)
    Vendor:   Intel
    VRAM:     4021 MB
    Driver:   25.20.100.6444
Initialize mono
Mono path[0] = 'E:/Unity Hub/Hub/Editor/2021.3.10f1/Editor/Data/Managed'
Mono path[1] = 'E:/Unity Hub/Hub/Editor/2021.3.10f1/Editor/Data/MonoBleedingEdge/lib/mono/unityjit-win32'
Mono config path = 'E:/Unity Hub/Hub/Editor/2021.3.10f1/Editor/Data/MonoBleedingEdge/etc'
Using monoOptions --debugger-agent=transport=dt_socket,embedding=1,server=y,suspend=n,address=127.0.0.1:56256
Begin MonoManager ReloadAssembly
Registering precompiled unity dll's ...
Register platform support module: E:/Unity Hub/Hub/Editor/2021.3.10f1/Editor/Data/PlaybackEngines/WebGLSupport/UnityEditor.WebGL.Extensions.dll
Register platform support module: E:/Unity Hub/Hub/Editor/2021.3.10f1/Editor/Data/PlaybackEngines/AndroidPlayer/UnityEditor.Android.Extensions.dll
Register platform support module: E:/Unity Hub/Hub/Editor/2021.3.10f1/Editor/Data/PlaybackEngines/WindowsStandaloneSupport/UnityEditor.WindowsStandalone.Extensions.dll
Registered in 0.011426 seconds.
Native extension for WindowsStandalone target not found
Native extension for Android target not found
Native extension for WebGL target not found
Refreshing native plugins compatible for Editor in 283.79 ms, found 3 plugins.
Preloading 0 native plugins for Editor in 0.00 ms.
Mono: successfully reloaded assembly
- Completed reload, in  2.843 seconds
Domain Reload Profiling:
	ReloadAssembly (2844ms)
		BeginReloadAssembly (214ms)
			ExecutionOrderSort (0ms)
			DisableScriptedObjects (0ms)
			BackupInstance (0ms)
			ReleaseScriptingObjects (0ms)
			CreateAndSetChildDomain (2ms)
		EndReloadAssembly (1467ms)
			LoadAssemblies (212ms)
			RebuildTransferFunctionScriptingTraits (0ms)
			SetupTypeCache (333ms)
			ReleaseScriptCaches (0ms)
			RebuildScriptCaches (78ms)
			SetupLoadedEditorAssemblies (930ms)
				LogAssemblyErrors (0ms)
				InitializePlatformSupportModulesInManaged (149ms)
				SetLoadedEditorAssemblies (0ms)
				RefreshPlugins (284ms)
				BeforeProcessingInitializeOnLoad (3ms)
				ProcessInitializeOnLoadAttributes (337ms)
				ProcessInitializeOnLoadMethodAttributes (155ms)
				AfterProcessingInitializeOnLoad (0ms)
				EditorAssembliesLoaded (0ms)
			ExecutionOrderSort2 (0ms)
			AwakeInstancesAfterBackupRestoration (0ms)
Platform modules already initialized, skipping
Registering precompiled user dll's ...
Registered in 0.015043 seconds.
Begin MonoManager ReloadAssembly
Symbol file LoadedFromMemory doesn't match image E:\Unity Hub\Hub\Projects\3D Car Racing Game\Library\PackageCache\com.unity.visualscripting@1.7.8\Editor\VisualScripting.Core\Dependencies\YamlDotNet\Unity.VisualScripting.YamlDotNet.dll
Symbol file LoadedFromMemory doesn't match image E:\Unity Hub\Hub\Projects\3D Car Racing Game\Library\PackageCache\com.unity.visualscripting@1.7.8\Editor\VisualScripting.Core\Dependencies\DotNetZip\Unity.VisualScripting.IonicZip.dll
Native extension for WindowsStandalone target not found
Native extension for Android target not found
Native extension for WebGL target not found
Refreshing native plugins compatible for Editor in 2.58 ms, found 3 plugins.
Preloading 0 native plugins for Editor in 0.00 ms.
Mono: successfully reloaded assembly
Package Manager log level set to [2]
- Completed reload, in  5.137 seconds
Domain Reload Profiling:
	ReloadAssembly (5139ms)
		BeginReloadAssembly (395ms)
			ExecutionOrderSort (0ms)
			DisableScriptedObjects (16ms)
			BackupInstance (0ms)
			ReleaseScriptingObjects (0ms)
			CreateAndSetChildDomain (158ms)
		EndReloadAssembly (2719ms)
			LoadAssemblies (201ms)
			RebuildTransferFunctionScriptingTraits (0ms)
			SetupTypeCache (764ms)
			ReleaseScriptCaches (2ms)
			RebuildScriptCaches (208ms)
			SetupLoadedEditorAssemblies (1359ms)
				LogAssemblyErrors (0ms)
				InitializePlatformSupportModulesInManaged (42ms)
				SetLoadedEditorAssemblies (2ms)
				RefreshPlugins (3ms)
				BeforeProcessingInitializeOnLoad (308ms)
				ProcessInitializeOnLoadAttributes (901ms)
				ProcessInitializeOnLoadMethodAttributes (90ms)
				AfterProcessingInitializeOnLoad (12ms)
				EditorAssembliesLoaded (1ms)
			ExecutionOrderSort2 (0ms)
			AwakeInstancesAfterBackupRestoration (29ms)
Platform modules already initialized, skipping
========================================================================
Worker process is ready to serve import requests
Launched and connected shader compiler UnityShaderCompiler.exe after 0.28 seconds
Refreshing native plugins compatible for Editor in 3.26 ms, found 3 plugins.
Preloading 0 native plugins for Editor in 0.00 ms.
Unloading 3663 Unused Serialized files (Serialized files now loaded: 0)
Unloading 54 unused Assets / (158.8 KB). Loaded Objects now: 4112.
Memory consumption went from 153.2 MB to 153.1 MB.
Total: 15.292500 ms (FindLiveObjects: 1.173900 ms CreateObjectMapping: 1.070500 ms MarkObjects: 12.619100 ms  DeleteObjects: 0.424100 ms)

AssetImportParameters requested are different than current active one (requested -> active):
  custom:video-decoder-ogg-theora: a1e56fd34408186e4bbccfd4996cb3dc -> 
  custom:container-muxer-webm: aa71ff27fc2769a1b78a27578f13a17b -> 
  custom:container-demuxer-webm: 4f35f7cbe854078d1ac9338744f61a02 -> 
  custom:video-encoder-webm-vp8: eb34c28f22e8b96e1ab97ce403110664 -> 
  custom:audio-encoder-webm-vorbis: bf7c407c2cedff20999df2af8eb42d56 -> 
  custom:framework-win-MediaFoundation: 216162199b28c13a410421893ffa2e32 -> 
  custom:container-demuxer-ogg: 62fdf1f143b41e24485cea50d1cbac27 -> 
  custom:video-decoder-webm-vp8: 9c59270c3fd7afecdb556c50c9e8de78 -> 
  custom:audio-decoder-ogg-vorbis: bf7c407c2cedff20999df2af8eb42d56 -> 
========================================================================
Received Import Request.
  Time since last request: 179042.699612 seconds.
  path: Assets/Scripts/PlayerCarControllerScript.cs
  artifactKey: Guid(1f5e8243210717f49af3be7be376a401) Importer(815301076,1909f56bfc062723c751e8b465ee728b)
Start importing Assets/Scripts/PlayerCarControllerScript.cs using Guid(1f5e8243210717f49af3be7be376a401) Importer(815301076,1909f56bfc062723c751e8b465ee728b)  -> (artifact id: '4e3443f963349092e3dfd76fe2f09e47') in 0.100487 seconds 
========================================================================
Received Import Request.
  Time since last request: 1330.530858 seconds.
  path: Assets/Classical_city/Models/Environment_City.prefab
  artifactKey: Guid(244cc75f604640d4e9985f13ad7bf576) Importer(815301076,1909f56bfc062723c751e8b465ee728b)
Start importing Assets/Classical_city/Models/Environment_City.prefab using Guid(244cc75f604640d4e9985f13ad7bf576) Importer(815301076,1909f56bfc062723c751e8b465ee728b)  -> (artifact id: '4a203a1a21ca5f9651202991476d9ea8') in 3.278483 seconds 
========================================================================
Received Import Request.
  Time since last request: 156.810058 seconds.
  path: Assets/Classical_city/Materials/vegetation_a.mat
  artifactKey: Guid(48e49feac70d3714d827dcccf5c2c78f) Importer(815301076,1909f56bfc062723c751e8b465ee728b)
Start importing Assets/Classical_city/Materials/vegetation_a.mat using Guid(48e49feac70d3714d827dcccf5c2c78f) Importer(815301076,1909f56bfc062723c751e8b465ee728b)  -> (artifact id: '7747d114ea97c6c7cbde5785bf9db923') in 0.350035 seconds 
========================================================================
Received Import Request.
  Time since last request: 0.159440 seconds.
  path: Assets/Classical_city/Textures/banner.tif
  artifactKey: Guid(7ea56a3971438d746a0464dbb3a8ebf6) Importer(815301076,1909f56bfc062723c751e8b465ee728b)
Start importing Assets/Classical_city/Textures/banner.tif using Guid(7ea56a3971438d746a0464dbb3a8ebf6) Importer(815301076,1909f56bfc062723c751e8b465ee728b)  -> (artifact id: '3bc8ef67ecfb2ae4719ddcfec770a396') in 0.456446 seconds 
========================================================================
Received Import Request.
  Time since last request: 7.693222 seconds.
  path: Assets/Classical_city/Textures/banner_light.tif
  artifactKey: Guid(c84049b4324e4944b893d3955b5ec0b9) Importer(815301076,1909f56bfc062723c751e8b465ee728b)
Start importing Assets/Classical_city/Textures/banner_light.tif using Guid(c84049b4324e4944b893d3955b5ec0b9) Importer(815301076,1909f56bfc062723c751e8b465ee728b)  -> (artifact id: '2012f19f685f874297c6b949cec9d1c9') in 0.400218 seconds 
========================================================================
Received Import Request.
  Time since last request: 0.000563 seconds.
  path: Assets/Classical_city/Materials/building_b.mat
  artifactKey: Guid(3f5f09875ab3e9b4c8b47357d5379b50) Importer(815301076,1909f56bfc062723c751e8b465ee728b)
Start importing Assets/Classical_city/Materials/building_b.mat using Guid(3f5f09875ab3e9b4c8b47357d5379b50) Importer(815301076,1909f56bfc062723c751e8b465ee728b)  -> (artifact id: '2ebe644a481c7479d840b30784885c28') in 0.026032 seconds 
========================================================================
Received Import Request.
  Time since last request: 0.002979 seconds.
  path: Assets/Classical_city/Materials/banner.mat
  artifactKey: Guid(7e4afafca697c984abfa59bb219df5b7) Importer(815301076,1909f56bfc062723c751e8b465ee728b)
Start importing Assets/Classical_city/Materials/banner.mat using Guid(7e4afafca697c984abfa59bb219df5b7) Importer(815301076,1909f56bfc062723c751e8b465ee728b)  -> (artifact id: 'f652c11f207baa0d8a604fdb33963d63') in 0.070295 seconds 
========================================================================
Received Import Request.
  Time since last request: 5.475423 seconds.
  path: Assets/Classical_city/Textures/vegetation_a.tif
  artifactKey: Guid(5dec2761c5e6d3a4793eeb8bbee0a053) Importer(815301076,1909f56bfc062723c751e8b465ee728b)
Start importing Assets/Classical_city/Textures/vegetation_a.tif using Guid(5dec2761c5e6d3a4793eeb8bbee0a053) Importer(815301076,1909f56bfc062723c751e8b465ee728b)  -> (artifact id: '2be9ce9ba8ca77de9469d3820d815ecf') in 0.037949 seconds 
========================================================================
Received Import Request.
  Time since last request: 0.000033 seconds.
  path: Assets/Classical_city/Materials/props_a.mat
  artifactKey: Guid(89c1504ec0f429b4291be1d6886dcc83) Importer(815301076,1909f56bfc062723c751e8b465ee728b)
Start importing Assets/Classical_city/Materials/props_a.mat using Guid(89c1504ec0f429b4291be1d6886dcc83) Importer(815301076,1909f56bfc062723c751e8b465ee728b)  -> (artifact id: 'e2ebeff3c5b83148dfdcd674f9db2355') in 0.053552 seconds 
========================================================================
Received Import Request.
  Time since last request: 10.665709 seconds.
  path: Assets/Classical_city/Textures/props_b.tif
  artifactKey: Guid(1179603130c9e4542b34d8ffafa3f4b8) Importer(815301076,1909f56bfc062723c751e8b465ee728b)
Start importing Assets/Classical_city/Textures/props_b.tif using Guid(1179603130c9e4542b34d8ffafa3f4b8) Importer(815301076,1909f56bfc062723c751e8b465ee728b)  -> (artifact id: '706d967208f23ea6abe65f55befb03b9') in 0.049779 seconds 
========================================================================
Received Import Request.
  Time since last request: 0.002296 seconds.
  path: Assets/Classical_city/Materials/Glass.mat
  artifactKey: Guid(a903a90cb5d6ff440a98e72f30680263) Importer(815301076,1909f56bfc062723c751e8b465ee728b)
Start importing Assets/Classical_city/Materials/Glass.mat using Guid(a903a90cb5d6ff440a98e72f30680263) Importer(815301076,1909f56bfc062723c751e8b465ee728b)  -> (artifact id: '37838f421b467315246df80a417d8a72') in 0.018480 seconds 
========================================================================
Received Import Request.
  Time since last request: 0.005187 seconds.
  path: Assets/Classical_city/Materials/ground.mat
  artifactKey: Guid(62e976d9124e4564e8624bc80404934c) Importer(815301076,1909f56bfc062723c751e8b465ee728b)
Start importing Assets/Classical_city/Materials/ground.mat using Guid(62e976d9124e4564e8624bc80404934c) Importer(815301076,1909f56bfc062723c751e8b465ee728b)  -> (artifact id: '480a9361f557b45524cc7434bd72a5fa') in 0.037290 seconds 
========================================================================
Received Import Request.
  Time since last request: 0.000756 seconds.
  path: Assets/Classical_city/Materials/vegetation_b.mat
  artifactKey: Guid(9ab359ad235b8f142889f1cfd22b2698) Importer(815301076,1909f56bfc062723c751e8b465ee728b)
Start importing Assets/Classical_city/Materials/vegetation_b.mat using Guid(9ab359ad235b8f142889f1cfd22b2698) Importer(815301076,1909f56bfc062723c751e8b465ee728b)  -> (artifact id: 'de1dae00019eb112b4363a980ec062f4') in 2.137249 seconds 
========================================================================
Received Import Request.
  Time since last request: 0.001677 seconds.
  path: Assets/Classical_city/Materials/building_a.mat
  artifactKey: Guid(f53a1aa3c9aefb943a8b55f4e44b965f) Importer(815301076,1909f56bfc062723c751e8b465ee728b)
Start importing Assets/Classical_city/Materials/building_a.mat using Guid(f53a1aa3c9aefb943a8b55f4e44b965f) Importer(815301076,1909f56bfc062723c751e8b465ee728b)  -> (artifact id: '8d12d98af3036126f840244882d3d9fd') in 1.802931 seconds 
========================================================================
Received Import Request.
  Time since last request: 2.407571 seconds.
  path: Assets/Classical_city/Materials/props_b.mat
  artifactKey: Guid(1d9b155eac94dd742a5debbcc9bf0c78) Importer(815301076,1909f56bfc062723c751e8b465ee728b)
Start importing Assets/Classical_city/Materials/props_b.mat using Guid(1d9b155eac94dd742a5debbcc9bf0c78) Importer(815301076,1909f56bfc062723c751e8b465ee728b)  -> (artifact id: 'ec758f56151d7b5ed5befbd57471566c') in 0.047372 seconds 
========================================================================
Received Import Request.
  Time since last request: 30.013496 seconds.
  path: Assets/Classical_city/Textures/ground.tif
  artifactKey: Guid(86088e39bc74aad4a9c1f06810ec8554) Importer(815301076,1909f56bfc062723c751e8b465ee728b)
Start importing Assets/Classical_city/Textures/ground.tif using Guid(86088e39bc74aad4a9c1f06810ec8554) Importer(815301076,1909f56bfc062723c751e8b465ee728b)  -> (artifact id: 'c96573f3539567b8239aa9c26807f4e3') in 1.557727 seconds 
========================================================================
Received Import Request.
  Time since last request: 17.004123 seconds.
  path: Assets/Classical_city/Textures/road_a.tif
  artifactKey: Guid(d4f33ef7ea2d9e54cb3cc495cace1f05) Importer(815301076,1909f56bfc062723c751e8b465ee728b)
Start importing Assets/Classical_city/Textures/road_a.tif using Guid(d4f33ef7ea2d9e54cb3cc495cace1f05) Importer(815301076,1909f56bfc062723c751e8b465ee728b)  -> (artifact id: 'e3a68bcb4edb2720ad314cb5085a5b6f') in 0.024254 seconds 
========================================================================
Received Import Request.
  Time since last request: 0.002591 seconds.
  path: Assets/Classical_city/Materials/Road.mat
  artifactKey: Guid(d8d626253548bd946a16228c6e5c0528) Importer(815301076,1909f56bfc062723c751e8b465ee728b)
Start importing Assets/Classical_city/Materials/Road.mat using Guid(d8d626253548bd946a16228c6e5c0528) Importer(815301076,1909f56bfc062723c751e8b465ee728b)  -> (artifact id: 'afecbfc617b35150fa3548759de6e3dd') in 0.047758 seconds 
========================================================================
Received Import Request.
  Time since last request: 2.933912 seconds.
  path: Assets/Classical_city/Textures/props_a.tif
  artifactKey: Guid(64ff1ce0823742244b8dd856c8f99465) Importer(815301076,1909f56bfc062723c751e8b465ee728b)
Start importing Assets/Classical_city/Textures/props_a.tif using Guid(64ff1ce0823742244b8dd856c8f99465) Importer(815301076,1909f56bfc062723c751e8b465ee728b)  -> (artifact id: 'e1d4a7b14cf2f9e2bbda18ad68180b3a') in 0.047421 seconds 
========================================================================
Received Import Request.
  Time since last request: 6.048304 seconds.
  path: Assets/Classical_city/Textures/building_a.tif
  artifactKey: Guid(7c6a1661f1e796041868e68b24366533) Importer(815301076,1909f56bfc062723c751e8b465ee728b)
Start importing Assets/Classical_city/Textures/building_a.tif using Guid(7c6a1661f1e796041868e68b24366533) Importer(815301076,1909f56bfc062723c751e8b465ee728b)  -> (artifact id: 'd687320479c3fd8783978c3cdce71131') in 0.043825 seconds 
========================================================================
Received Import Request.
  Time since last request: 2.179974 seconds.
  path: Assets/Classical_city/Textures/building_b.tif
  artifactKey: Guid(996daf40dcb0dac41994165cc6930dfe) Importer(815301076,1909f56bfc062723c751e8b465ee728b)
Start importing Assets/Classical_city/Textures/building_b.tif using Guid(996daf40dcb0dac41994165cc6930dfe) Importer(815301076,1909f56bfc062723c751e8b465ee728b)  -> (artifact id: '4bce55c76dade971c224bac429805e57') in 0.023086 seconds 
========================================================================
Received Import Request.
  Time since last request: 19.161095 seconds.
  path: Assets/Classical_city/Textures/vegetation_b.tif
  artifactKey: Guid(440d6bbd2b403c74581953af1e349950) Importer(815301076,1909f56bfc062723c751e8b465ee728b)
Start importing Assets/Classical_city/Textures/vegetation_b.tif using Guid(440d6bbd2b403c74581953af1e349950) Importer(815301076,1909f56bfc062723c751e8b465ee728b)  -> (artifact id: 'a053e54c2f7978203a6a77739883f3a9') in 0.050612 seconds 
========================================================================
Received Import Request.
  Time since last request: 1.014024 seconds.
  path: Assets/Classical_city/Textures/building_a_light_day.tif
  artifactKey: Guid(ca7e458f7a4fc9f4da7da7cb6dfdac6e) Importer(815301076,1909f56bfc062723c751e8b465ee728b)
Start importing Assets/Classical_city/Textures/building_a_light_day.tif using Guid(ca7e458f7a4fc9f4da7da7cb6dfdac6e) Importer(815301076,1909f56bfc062723c751e8b465ee728b)  -> (artifact id: 'df1e918f8f815505817f45347d317dbb') in 0.766819 seconds 
========================================================================
Received Import Request.
  Time since last request: 310.252317 seconds.
  path: Assets/Classical_city
  artifactKey: Guid(8912484dcb19ae4418f525959f1d33f6) Importer(815301076,1909f56bfc062723c751e8b465ee728b)
Start importing Assets/Classical_city using Guid(8912484dcb19ae4418f525959f1d33f6) Importer(815301076,1909f56bfc062723c751e8b465ee728b)  -> (artifact id: '1011073cc19fa7f4a4dbc98d611024aa') in 0.010675 seconds 
========================================================================
Received Import Request.
  Time since last request: 96.309025 seconds.
  path: Assets/Models
  artifactKey: Guid(6b1e4cda133d9284589c396710a57f17) Importer(815301076,1909f56bfc062723c751e8b465ee728b)
Start importing Assets/Models using Guid(6b1e4cda133d9284589c396710a57f17) Importer(815301076,1909f56bfc062723c751e8b465ee728b)  -> (artifact id: '48203e51977dc23430097403a9ba4824') in 0.009507 seconds 
